# JRE version: Java(TM) SE Runtime Environment (8.0_191-b12) (build 1.8.0_191-b12)
# Java VM: Java HotSpot(TM) 64-Bit Server VM (25.191-b12 mixed mode windows-amd64 compressed oops)
Heap:
 PSYoungGen      total 107520K, used 71463K [0x00000000e0000000, 0x00000000e7c80000, 0x0000000100000000)
  eden space 93696K, 61% used [0x00000000e0000000,0x00000000e384a250,0x00000000e5b80000)
  from space 13824K, 99% used [0x00000000e6b00000,0x00000000e787fd60,0x00000000e7880000)
  to   space 15872K, 0% used [0x00000000e5b80000,0x00000000e5b80000,0x00000000e6b00000)
 ParOldGen       total 117760K, used 19459K [0x00000000a0000000, 0x00000000a7300000, 0x00000000e0000000)
  object space 117760K, 16% used [0x00000000a0000000,0x00000000a1300fd0,0x00000000a7300000)
 Metaspace       used 53313K, capacity 54712K, committed 54912K, reserved 1095680K
  class space    used 7365K, capacity 7731K, committed 7808K, reserved 1048576K
GC Heap History (10 events):
Event: 36.090 GC heap before
{Heap before GC invocations=8 (full 1):
 PSYoungGen      total 75776K, used 72366K [0x00000000e0000000, 0x00000000e6800000, 0x0000000100000000)
  eden space 64512K, 100% used [0x00000000e0000000,0x00000000e3f00000,0x00000000e3f00000)
  from space 11264K, 69% used [0x00000000e4a00000,0x00000000e51ab818,0x00000000e5500000)
  to   space 11264K, 0% used [0x00000000e3f00000,0x00000000e3f00000,0x00000000e4a00000)
 ParOldGen       total 72192K, used 9998K [0x00000000a0000000, 0x00000000a4680000, 0x00000000e0000000)
  object space 72192K, 13% used [0x00000000a0000000,0x00000000a09c3af8,0x00000000a4680000)
 Metaspace       used 31949K, capacity 32344K, committed 32640K, reserved 1077248K
  class space    used 4506K, capacity 4659K, committed 4736K, reserved 1048576K
Event: 36.106 GC heap after
Heap after GC invocations=8 (full 1):
 PSYoungGen      total 75776K, used 8484K [0x00000000e0000000, 0x00000000e6600000, 0x0000000100000000)
  eden space 64512K, 0% used [0x00000000e0000000,0x00000000e0000000,0x00000000e3f00000)
  from space 11264K, 75% used [0x00000000e3f00000,0x00000000e4749038,0x00000000e4a00000)
  to   space 11264K, 0% used [0x00000000e5b00000,0x00000000e5b00000,0x00000000e6600000)
 ParOldGen       total 72192K, used 10006K [0x00000000a0000000, 0x00000000a4680000, 0x00000000e0000000)
  object space 72192K, 13% used [0x00000000a0000000,0x00000000a09c5af8,0x00000000a4680000)
 Metaspace       used 31949K, capacity 32344K, committed 32640K, reserved 1077248K
  class space    used 4506K, capacity 4659K, committed 4736K, reserved 1048576K
}
Event: 44.452 GC heap before
{Heap before GC invocations=9 (full 1):
 PSYoungGen      total 75776K, used 66813K [0x00000000e0000000, 0x00000000e6600000, 0x0000000100000000)
  eden space 64512K, 90% used [0x00000000e0000000,0x00000000e38f63e0,0x00000000e3f00000)
  from space 11264K, 75% used [0x00000000e3f00000,0x00000000e4749038,0x00000000e4a00000)
  to   space 11264K, 0% used [0x00000000e5b00000,0x00000000e5b00000,0x00000000e6600000)
 ParOldGen       total 72192K, used 10006K [0x00000000a0000000, 0x00000000a4680000, 0x00000000e0000000)
  object space 72192K, 13% used [0x00000000a0000000,0x00000000a09c5af8,0x00000000a4680000)
 Metaspace       used 34625K, capacity 35286K, committed 35496K, reserved 1079296K
  class space    used 4882K, capacity 5094K, committed 5120K, reserved 1048576K
Event: 44.513 GC heap after
Heap after GC invocations=9 (full 1):
 PSYoungGen      total 91136K, used 11245K [0x00000000e0000000, 0x00000000e6a00000, 0x0000000100000000)
  eden space 79872K, 0% used [0x00000000e0000000,0x00000000e0000000,0x00000000e4e00000)
  from space 11264K, 99% used [0x00000000e5b00000,0x00000000e65fb598,0x00000000e6600000)
  to   space 13312K, 0% used [0x00000000e4e00000,0x00000000e4e00000,0x00000000e5b00000)
 ParOldGen       total 72192K, used 10666K [0x00000000a0000000, 0x00000000a4680000, 0x00000000e0000000)
  object space 72192K, 14% used [0x00000000a0000000,0x00000000a0a6a8e0,0x00000000a4680000)
 Metaspace       used 34625K, capacity 35286K, committed 35496K, reserved 1079296K
  class space    used 4882K, capacity 5094K, committed 5120K, reserved 1048576K
}
Event: 44.513 GC heap before
{Heap before GC invocations=10 (full 2):
 PSYoungGen      total 91136K, used 11245K [0x00000000e0000000, 0x00000000e6a00000, 0x0000000100000000)
  eden space 79872K, 0% used [0x00000000e0000000,0x00000000e0000000,0x00000000e4e00000)
  from space 11264K, 99% used [0x00000000e5b00000,0x00000000e65fb598,0x00000000e6600000)
  to   space 13312K, 0% used [0x00000000e4e00000,0x00000000e4e00000,0x00000000e5b00000)
 ParOldGen       total 72192K, used 10666K [0x00000000a0000000, 0x00000000a4680000, 0x00000000e0000000)
  object space 72192K, 14% used [0x00000000a0000000,0x00000000a0a6a8e0,0x00000000a4680000)
 Metaspace       used 34625K, capacity 35286K, committed 35496K, reserved 1079296K
  class space    used 4882K, capacity 5094K, committed 5120K, reserved 1048576K
Event: 44.686 GC heap after
Heap after GC invocations=10 (full 2):
 PSYoungGen      total 91136K, used 0K [0x00000000e0000000, 0x00000000e6a00000, 0x0000000100000000)
  eden space 79872K, 0% used [0x00000000e0000000,0x00000000e0000000,0x00000000e4e00000)
  from space 11264K, 0% used [0x00000000e5b00000,0x00000000e5b00000,0x00000000e6600000)
  to   space 13312K, 0% used [0x00000000e4e00000,0x00000000e4e00000,0x00000000e5b00000)
 ParOldGen       total 117760K, used 18406K [0x00000000a0000000, 0x00000000a7300000, 0x00000000e0000000)
  object space 117760K, 15% used [0x00000000a0000000,0x00000000a11f9878,0x00000000a7300000)
 Metaspace       used 34623K, capacity 35280K, committed 35496K, reserved 1079296K
  class space    used 4881K, capacity 5093K, committed 5120K, reserved 1048576K
}
Event: 51.370 GC heap before
{Heap before GC invocations=11 (full 2):
 PSYoungGen      total 91136K, used 79872K [0x00000000e0000000, 0x00000000e6a00000, 0x0000000100000000)
  eden space 79872K, 100% used [0x00000000e0000000,0x00000000e4e00000,0x00000000e4e00000)
  from space 11264K, 0% used [0x00000000e5b00000,0x00000000e5b00000,0x00000000e6600000)
  to   space 13312K, 0% used [0x00000000e4e00000,0x00000000e4e00000,0x00000000e5b00000)
 ParOldGen       total 117760K, used 18406K [0x00000000a0000000, 0x00000000a7300000, 0x00000000e0000000)
  object space 117760K, 15% used [0x00000000a0000000,0x00000000a11f9878,0x00000000a7300000)
 Metaspace       used 43579K, capacity 44448K, committed 44800K, reserved 1087488K
  class space    used 6027K, capacity 6294K, committed 6400K, reserved 1048576K
Event: 51.408 GC heap after
Heap after GC invocations=11 (full 2):
 PSYoungGen      total 93184K, used 10935K [0x00000000e0000000, 0x00000000e7880000, 0x0000000100000000)
  eden space 79872K, 0% used [0x00000000e0000000,0x00000000e0000000,0x00000000e4e00000)
  from space 13312K, 82% used [0x00000000e4e00000,0x00000000e58adc78,0x00000000e5b00000)
  to   space 13824K, 0% used [0x00000000e6b00000,0x00000000e6b00000,0x00000000e7880000)
 ParOldGen       total 117760K, used 18414K [0x00000000a0000000, 0x00000000a7300000, 0x00000000e0000000)
  object space 117760K, 15% used [0x00000000a0000000,0x00000000a11fb878,0x00000000a7300000)
 Metaspace       used 43579K, capacity 44448K, committed 44800K, reserved 1087488K
  class space    used 6027K, capacity 6294K, committed 6400K, reserved 1048576K
}
Event: 55.354 GC heap before
{Heap before GC invocations=12 (full 2):
 PSYoungGen      total 93184K, used 90807K [0x00000000e0000000, 0x00000000e7880000, 0x0000000100000000)
  eden space 79872K, 100% used [0x00000000e0000000,0x00000000e4e00000,0x00000000e4e00000)
  from space 13312K, 82% used [0x00000000e4e00000,0x00000000e58adc78,0x00000000e5b00000)
  to   space 13824K, 0% used [0x00000000e6b00000,0x00000000e6b00000,0x00000000e7880000)
 ParOldGen       total 117760K, used 18414K [0x00000000a0000000, 0x00000000a7300000, 0x00000000e0000000)
  object space 117760K, 15% used [0x00000000a0000000,0x00000000a11fb878,0x00000000a7300000)
 Metaspace       used 49557K, capacity 50776K, committed 51072K, reserved 1093632K
  class space    used 6827K, capacity 7175K, committed 7296K, reserved 1048576K
Event: 55.381 GC heap after
Heap after GC invocations=12 (full 2):
 PSYoungGen      total 107520K, used 13823K [0x00000000e0000000, 0x00000000e7c80000, 0x0000000100000000)
  eden space 93696K, 0% used [0x00000000e0000000,0x00000000e0000000,0x00000000e5b80000)
  from space 13824K, 99% used [0x00000000e6b00000,0x00000000e787fd60,0x00000000e7880000)
  to   space 15872K, 0% used [0x00000000e5b80000,0x00000000e5b80000,0x00000000e6b00000)
 ParOldGen       total 117760K, used 19459K [0x00000000a0000000, 0x00000000a7300000, 0x00000000e0000000)
  object space 117760K, 16% used [0x00000000a0000000,0x00000000a1300fd0,0x00000000a7300000)
 Metaspace       used 49557K, capacity 50776K, committed 51072K, reserved 1093632K
  class space    used 6827K, capacity 7175K, committed 7296K, reserved 1048576K
}

